<?xml version="1.0" encoding="UTF-8"?>
<project xmlns="http://maven.apache.org/POM/4.0.0" xmlns:xsi="http://www.w3.org/2001/XMLSchema-instance" xsi:schemaLocation="http://maven.apache.org/POM/4.0.0 http://maven.apache.org/maven-v4_0_0.xsd">
  <modelVersion>4.0.0</modelVersion>
  <groupId>org.pdfsam.test</groupId>
  <artifactId>test-os-maven-plugin</artifactId>
  <packaging>jar</packaging>
  <version>0.0.0-SNAPSHOT</version>

  <properties>
    <project.build.sourceEncoding>UTF-8</project.build.sourceEncoding>
  </properties>

  <!--
    Override the default repository so that the old versions of Maven do not use
    the insecure HTTP URLs.
  -->
  <repositories>
    <repository>
      <id>central-overridden</id>
      <name>Maven Central</name>
      <url>https://repo1.maven.org/maven2/</url>
      <layout>default</layout>
      <releases>
        <enabled>true</enabled>
        <checksumPolicy>fail</checksumPolicy>
      </releases>
    </repository>
  </repositories>
  <pluginRepositories>
    <pluginRepository>
      <id>central-overridden</id>
      <name>Maven Central</name>
      <url>https://repo1.maven.org/maven2/</url>
      <layout>default</layout>
      <releases>
        <enabled>true</enabled>
        <checksumPolicy>fail</checksumPolicy>
      </releases>
    </pluginRepository>
  </pluginRepositories>

  <dependencies>
    <dependency>
      <groupId>io.netty</groupId>
      <artifactId>netty-tcnative-boringssl-static</artifactId>
      <version>2.0.8.Final</version>
      <classifier>${os.detected.classifier}</classifier>
    </dependency>
  </dependencies>

  <build>
    <extensions>
      <extension>
        <groupId>org.pdfsam.maven</groupId>
        <artifactId>os-maven-plugin</artifactId>
        <version>${os-maven-plugin.version}</version>
      </extension>
    </extensions>
    <plugins>
      <plugin>
        <artifactId>maven-antrun-plugin</artifactId>
        <version>1.8</version>
        <executions>
          <execution>
            <phase>test</phase>
            <goals>
              <goal>run</goal>
            </goals>
            <configuration>
              <target>
                <fail unless="os.detected.name">os.detected.name is missing.</fail>
                <fail unless="os.detected.arch">os.detected.arch is missing.</fail>
                <fail unless="os.detected.classifier">os.detected.classifier is missing.</fail>
              </target>
            </configuration>
          </execution>
        </executions>
      </plugin>
    </plugins>
  </build>
</project>
